Using pre-set license
Built from 'trunk' branch; Version is '6000.0.21f1 (e2bacb8dee3a) revision 14858955'; Using compiler version '193933523'; Build Type 'Release'
OS: 'Windows 10  (10.0.19045) 64bit Professional' Language: 'ru' Physical Memory: 16179 MB
BatchMode: 1, IsHumanControllingUs: 0, StartBugReporterOnCrash: 0, Is64bit: 1, IsPro: 1

COMMAND LINE ARGUMENTS:
C:\Program Files\Unity\Hub\Editor\6000.0.21f1\Editor\Unity.exe
-adb2
-batchMode
-noUpm
-name
AssetImportWorker1
-projectPath
C:/Users/Wilpdrake/3D_Racing
-logFile
Logs/AssetImportWorker1.log
-srvPort
51746
-job-worker-count
3
-background-job-worker-count
8
-asset-garbage-collectors
1
Successfully changed project path to: C:/Users/Wilpdrake/3D_Racing
C:/Users/Wilpdrake/3D_Racing
[UnityMemory] Configuration Parameters - Can be set up in boot.config
    "memorysetup-bucket-allocator-granularity=16"
    "memorysetup-bucket-allocator-bucket-count=8"
    "memorysetup-bucket-allocator-block-size=33554432"
    "memorysetup-bucket-allocator-block-count=8"
    "memorysetup-main-allocator-block-size=16777216"
    "memorysetup-thread-allocator-block-size=16777216"
    "memorysetup-gfx-main-allocator-block-size=16777216"
    "memorysetup-gfx-thread-allocator-block-size=16777216"
    "memorysetup-cache-allocator-block-size=4194304"
    "memorysetup-typetree-allocator-block-size=2097152"
    "memorysetup-profiler-bucket-allocator-granularity=16"
    "memorysetup-profiler-bucket-allocator-bucket-count=8"
    "memorysetup-profiler-bucket-allocator-block-size=33554432"
    "memorysetup-profiler-bucket-allocator-block-count=8"
    "memorysetup-profiler-allocator-block-size=16777216"
    "memorysetup-profiler-editor-allocator-block-size=1048576"
    "memorysetup-temp-allocator-size-main=16777216"
    "memorysetup-job-temp-allocator-block-size=2097152"
    "memorysetup-job-temp-allocator-block-size-background=1048576"
    "memorysetup-job-temp-allocator-reduction-small-platforms=262144"
    "memorysetup-allocator-temp-initial-block-size-main=262144"
    "memorysetup-allocator-temp-initial-block-size-worker=262144"
    "memorysetup-temp-allocator-size-background-worker=32768"
    "memorysetup-temp-allocator-size-job-worker=262144"
    "memorysetup-temp-allocator-size-preload-manager=33554432"
    "memorysetup-temp-allocator-size-nav-mesh-worker=65536"
    "memorysetup-temp-allocator-size-audio-worker=65536"
    "memorysetup-temp-allocator-size-cloud-worker=32768"
    "memorysetup-temp-allocator-size-gi-baking-worker=262144"
    "memorysetup-temp-allocator-size-gi-baking-worker=262144"
    "memorysetup-temp-allocator-size-gi-baking-worker=262144"
    "memorysetup-temp-allocator-size-gi-baking-worker=262144"
    "memorysetup-temp-allocator-size-gi-baking-worker=262144"
    "memorysetup-temp-allocator-size-gfx=262144"
Player connection [20836]  Target information:

Player connection [20836]  * "[IP] 192.168.56.1 [Port] 0 [Flags] 2 [Guid] 3211788717 [EditorId] 3211788717 [Version] 1048832 [Id] WindowsEditor(7,DESKTOP-KFTV1E5) [Debug] 1 [PackageName] WindowsEditor [ProjectName] Editor" 

Player connection [20836]  * "[IP] 26.72.228.228 [Port] 0 [Flags] 2 [Guid] 3211788717 [EditorId] 3211788717 [Version] 1048832 [Id] WindowsEditor(7,DESKTOP-KFTV1E5) [Debug] 1 [PackageName] WindowsEditor [ProjectName] Editor" 

Player connection [20836]  * "[IP] 172.21.64.1 [Port] 0 [Flags] 2 [Guid] 3211788717 [EditorId] 3211788717 [Version] 1048832 [Id] WindowsEditor(7,DESKTOP-KFTV1E5) [Debug] 1 [PackageName] WindowsEditor [ProjectName] Editor" 

Player connection [20836]  * "[IP] 172.30.48.1 [Port] 0 [Flags] 2 [Guid] 3211788717 [EditorId] 3211788717 [Version] 1048832 [Id] WindowsEditor(7,DESKTOP-KFTV1E5) [Debug] 1 [PackageName] WindowsEditor [ProjectName] Editor" 

Player connection [20836]  * "[IP] 172.26.32.1 [Port] 0 [Flags] 2 [Guid] 3211788717 [EditorId] 3211788717 [Version] 1048832 [Id] WindowsEditor(7,DESKTOP-KFTV1E5) [Debug] 1 [PackageName] WindowsEditor [ProjectName] Editor" 

Player connection [20836]  * "[IP] 192.168.100.2 [Port] 0 [Flags] 2 [Guid] 3211788717 [EditorId] 3211788717 [Version] 1048832 [Id] WindowsEditor(7,DESKTOP-KFTV1E5) [Debug] 1 [PackageName] WindowsEditor [ProjectName] Editor" 

Player connection [20836] Host joined multi-casting on [225.0.0.222:54997]...
Player connection [20836] Host joined alternative multi-casting on [225.0.0.222:34997]...
JobSystem: Creating JobQueue using job-worker-count value 3
[Physics::Module] Initialized fallback backend.
[Physics::Module] Id: 0xdecafbad
Library Redirect Path: Library/
[Physics::Module] Selected backend.
[Physics::Module] Name: PhysX
[Physics::Module] Id: 0xf2b8ea05
[Physics::Module] SDK Version: 4.1.2
[Physics::Module] Integration Version: 1.0.0
[Physics::Module] Threading Mode: Multi-Threaded
Refreshing native plugins compatible for Editor in 1.30 ms, found 0 plugins.
Preloading 0 native plugins for Editor in 0.00 ms.
Initialize engine version: 6000.0.21f1 (e2bacb8dee3a)
[Subsystems] Discovering subsystems at path C:/Program Files/Unity/Hub/Editor/6000.0.21f1/Editor/Data/Resources/UnitySubsystems
[Subsystems] Discovering subsystems at path C:/Users/Wilpdrake/3D_Racing/Assets
GfxDevice: creating device client; kGfxThreadingModeNonThreaded
Direct3D:
    Version:  Direct3D 11.0 [level 11.1]
    Renderer: NVIDIA GeForce RTX 3060 Laptop GPU (ID=0x2520)
    Vendor:   NVIDIA
    VRAM:     5996 MB
    Driver:   32.0.15.6076
Initialize mono
Mono path[0] = 'C:/Program Files/Unity/Hub/Editor/6000.0.21f1/Editor/Data/Managed'
Mono path[1] = 'C:/Program Files/Unity/Hub/Editor/6000.0.21f1/Editor/Data/MonoBleedingEdge/lib/mono/unityjit-win32'
Mono config path = 'C:/Program Files/Unity/Hub/Editor/6000.0.21f1/Editor/Data/MonoBleedingEdge/etc'
Using monoOptions --debugger-agent=transport=dt_socket,embedding=1,server=y,suspend=n,address=127.0.0.1:56088
Begin MonoManager ReloadAssembly
Registering precompiled unity dll's ...
Register platform support module: C:/Program Files/Unity/Hub/Editor/6000.0.21f1/Editor/Data/PlaybackEngines/WindowsStandaloneSupport/UnityEditor.WindowsStandalone.Extensions.dll
Registered in 0.011343 seconds.
- Loaded All Assemblies, in  3.240 seconds
Native extension for WindowsStandalone target not found
Mono: successfully reloaded assembly
- Finished resetting the current domain, in 10.634 seconds
Domain Reload Profiling: 13871ms
	BeginReloadAssembly (1495ms)
		ExecutionOrderSort (0ms)
		DisableScriptedObjects (0ms)
		BackupInstance (0ms)
		ReleaseScriptingObjects (0ms)
		CreateAndSetChildDomain (1ms)
	RebuildCommonClasses (116ms)
	RebuildNativeTypeToScriptingClass (34ms)
	initialDomainReloadingComplete (292ms)
	LoadAllAssembliesAndSetupDomain (1297ms)
		LoadAssemblies (1289ms)
		RebuildTransferFunctionScriptingTraits (0ms)
		AnalyzeDomain (1291ms)
			TypeCache.Refresh (1288ms)
				TypeCache.ScanAssembly (1247ms)
			BuildScriptInfoCaches (0ms)
			ResolveRequiredComponents (1ms)
	FinalizeReload (10637ms)
		ReleaseScriptCaches (0ms)
		RebuildScriptCaches (0ms)
		SetupLoadedEditorAssemblies (10419ms)
			LogAssemblyErrors (0ms)
			InitializePlatformSupportModulesInManaged (521ms)
			SetLoadedEditorAssemblies (263ms)
			BeforeProcessingInitializeOnLoad (1239ms)
			ProcessInitializeOnLoadAttributes (6257ms)
			ProcessInitializeOnLoadMethodAttributes (2022ms)
			AfterProcessingInitializeOnLoad (117ms)
			EditorAssembliesLoaded (1ms)
		ExecutionOrderSort2 (0ms)
		AwakeInstancesAfterBackupRestoration (0ms)
========================================================================
Worker process is ready to serve import requests
Import Worker Mode flag is 0x00
Begin MonoManager ReloadAssembly
- Loaded All Assemblies, in  7.971 seconds
Refreshing native plugins compatible for Editor in 0.36 ms, found 0 plugins.
Native extension for WindowsStandalone target not found
Mono: successfully reloaded assembly
- Finished resetting the current domain, in  2.735 seconds
Domain Reload Profiling: 10656ms
	BeginReloadAssembly (4653ms)
		ExecutionOrderSort (0ms)
		DisableScriptedObjects (92ms)
		BackupInstance (0ms)
		ReleaseScriptingObjects (0ms)
		CreateAndSetChildDomain (311ms)
	RebuildCommonClasses (103ms)
	RebuildNativeTypeToScriptingClass (33ms)
	initialDomainReloadingComplete (465ms)
	LoadAllAssembliesAndSetupDomain (2665ms)
		LoadAssemblies (2919ms)
		RebuildTransferFunctionScriptingTraits (0ms)
		AnalyzeDomain (953ms)
			TypeCache.Refresh (679ms)
				TypeCache.ScanAssembly (625ms)
			BuildScriptInfoCaches (217ms)
			ResolveRequiredComponents (39ms)
	FinalizeReload (2736ms)
		ReleaseScriptCaches (0ms)
		RebuildScriptCaches (0ms)
		SetupLoadedEditorAssemblies (2374ms)
			LogAssemblyErrors (0ms)
			InitializePlatformSupportModulesInManaged (4ms)
			SetLoadedEditorAssemblies (8ms)
			BeforeProcessingInitializeOnLoad (203ms)
			ProcessInitializeOnLoadAttributes (2021ms)
			ProcessInitializeOnLoadMethodAttributes (113ms)
			AfterProcessingInitializeOnLoad (24ms)
			EditorAssembliesLoaded (0ms)
		ExecutionOrderSort2 (0ms)
		AwakeInstancesAfterBackupRestoration (7ms)
Launched and connected shader compiler UnityShaderCompiler.exe after 0.02 seconds
Refreshing native plugins compatible for Editor in 5.62 ms, found 0 plugins.
Preloading 0 native plugins for Editor in 0.00 ms.
Unloading 134 Unused Serialized files (Serialized files now loaded: 0)
Unloading 3818 unused Assets / (7.2 MB). Loaded Objects now: 4478.
Memory consumption went from 152.6 MB to 145.4 MB.
Total: 22.172800 ms (FindLiveObjects: 1.408800 ms CreateObjectMapping: 1.557300 ms MarkObjects: 8.894900 ms  DeleteObjects: 10.299900 ms)

========================================================================
Received Import Request.
  Time since last request: 255510.015881 seconds.
  path: Assets/RACE AI/Textures/_Textures/Constructions/Race_barrier_new.png
  artifactKey: Guid(6c1212e0e873340edba20007a2a8e2af) Importer(2089858483,192608db42251d675da83286b1cce702)
Start importing Assets/RACE AI/Textures/_Textures/Constructions/Race_barrier_new.png using Guid(6c1212e0e873340edba20007a2a8e2af) Importer(2089858483,192608db42251d675da83286b1cce702) (ScriptedImporter) -> (artifact id: '7d97c55382ff3c21d6adbabd5ca5c14d') in 0.4240725 seconds
Number of updated asset objects reloaded before import = 0Number of asset objects unloaded after import = 1

========================================================================
Received Import Request.
  Time since last request: 0.000029 seconds.
  path: Assets/RACE AI/_Prefabs/Roads/Roads.prefab
  artifactKey: Guid(c04b9d323c5454fc7bc4092f562f40d2) Importer(2089858483,192608db42251d675da83286b1cce702)
Start importing Assets/RACE AI/_Prefabs/Roads/Roads.prefab using Guid(c04b9d323c5454fc7bc4092f562f40d2) Importer(2089858483,192608db42251d675da83286b1cce702) (ScriptedImporter) -> (artifact id: 'bc6202ac0caa70a13d767902daf54d23') in 0.0462793 seconds
Number of updated asset objects reloaded before import = 0Number of asset objects unloaded after import = 146

========================================================================
Received Import Request.
  Time since last request: 0.000031 seconds.
  path: Assets/RACE AI/_Materials/Materials12/all.mat
  artifactKey: Guid(521489e15231f4267aa8c899dd6c233f) Importer(2089858483,192608db42251d675da83286b1cce702)
Start importing Assets/RACE AI/_Materials/Materials12/all.mat using Guid(521489e15231f4267aa8c899dd6c233f) Importer(2089858483,192608db42251d675da83286b1cce702) (ScriptedImporter) -> (artifact id: '5e91204d86db40da792b86735d368b51') in 0.0498334 seconds
Number of updated asset objects reloaded before import = 0Number of asset objects unloaded after import = 2

========================================================================
Received Import Request.
  Time since last request: 0.000047 seconds.
  path: Assets/RACE AI/_Model/Roads/Materials/sandC.mat
  artifactKey: Guid(ca0dde48256df48859406c34b808fd78) Importer(2089858483,192608db42251d675da83286b1cce702)
Start importing Assets/RACE AI/_Model/Roads/Materials/sandC.mat using Guid(ca0dde48256df48859406c34b808fd78) Importer(2089858483,192608db42251d675da83286b1cce702) (ScriptedImporter) -> (artifact id: '060d2ce246b1c948cb3e7ad3347adccb') in 0.0180245 seconds
Number of updated asset objects reloaded before import = 0Number of asset objects unloaded after import = 2

========================================================================
Received Import Request.
  Time since last request: 0.000021 seconds.
  path: Assets/RACE AI/Textures/_Textures/Constructions/track2.fbm/signs.png
  artifactKey: Guid(ded8d13b8497f4d46aa746205d7bb8a1) Importer(2089858483,192608db42251d675da83286b1cce702)
Start importing Assets/RACE AI/Textures/_Textures/Constructions/track2.fbm/signs.png using Guid(ded8d13b8497f4d46aa746205d7bb8a1) Importer(2089858483,192608db42251d675da83286b1cce702) (ScriptedImporter) -> (artifact id: '1fb49a5f1046a0ddd0eb0f683e194e6c') in 0.0243674 seconds
Number of updated asset objects reloaded before import = 0Number of asset objects unloaded after import = 1

========================================================================
Received Import Request.
  Time since last request: 0.000105 seconds.
  path: Assets/Settings/URP-Balanced-Renderer.asset
  artifactKey: Guid(e634585d5c4544dd297acaee93dc2beb) Importer(2089858483,192608db42251d675da83286b1cce702)
Start importing Assets/Settings/URP-Balanced-Renderer.asset using Guid(e634585d5c4544dd297acaee93dc2beb) Importer(2089858483,192608db42251d675da83286b1cce702) (ScriptedImporter) -> (artifact id: '40c2ce490c0a5c1f3b93f2799bdcb00c') in 0.1243268 seconds
Number of updated asset objects reloaded before import = 0Number of asset objects unloaded after import = 48

========================================================================
Received Import Request.
  Time since last request: 0.000024 seconds.
  path: Assets/RACE AI/_Materials/Materials12/Road_Side_Albedo2.mat
  artifactKey: Guid(aadd591379ff84badae9c89933bff64d) Importer(2089858483,192608db42251d675da83286b1cce702)
Start importing Assets/RACE AI/_Materials/Materials12/Road_Side_Albedo2.mat using Guid(aadd591379ff84badae9c89933bff64d) Importer(2089858483,192608db42251d675da83286b1cce702) (ScriptedImporter) -> (artifact id: '639fafced144f55b006d7fb118e7102a') in 0.0179975 seconds
Number of updated asset objects reloaded before import = 0Number of asset objects unloaded after import = 2

========================================================================
Received Import Request.
  Time since last request: 0.000055 seconds.
  path: Assets/RACE AI/Shaders/Mobile_Specular_Detail.shader
  artifactKey: Guid(e61e28e694e651546ae1176bccf4c8bf) Importer(2089858483,192608db42251d675da83286b1cce702)
Start importing Assets/RACE AI/Shaders/Mobile_Specular_Detail.shader using Guid(e61e28e694e651546ae1176bccf4c8bf) Importer(2089858483,192608db42251d675da83286b1cce702) (ScriptedImporter) -> (artifact id: '6a20b4e8e48123d5da78f6128cc4352b') in 0.0189356 seconds
Number of updated asset objects reloaded before import = 0Number of asset objects unloaded after import = 1

========================================================================
Received Import Request.
  Time since last request: 0.000078 seconds.
  path: Assets/Scripts/PathGeneratorWorker.cs
  artifactKey: Guid(e7a149aa49fa4b84b39e6eb42794ca99) Importer(2089858483,192608db42251d675da83286b1cce702)
Start importing Assets/Scripts/PathGeneratorWorker.cs using Guid(e7a149aa49fa4b84b39e6eb42794ca99) Importer(2089858483,192608db42251d675da83286b1cce702) (ScriptedImporter) -> (artifact id: '457f6cc7b3a36e9642b1be23a32f9266') in 0.0075978 seconds
Number of updated asset objects reloaded before import = 0Number of asset objects unloaded after import = 0

========================================================================
Received Import Request.
  Time since last request: 0.000101 seconds.
  path: Assets/RACE AI/_Prefabs/RACE.prefab
  artifactKey: Guid(bc1d6d3f1e2a7c74083ac9678205c672) Importer(2089858483,192608db42251d675da83286b1cce702)
Start importing Assets/RACE AI/_Prefabs/RACE.prefab using Guid(bc1d6d3f1e2a7c74083ac9678205c672) Importer(2089858483,192608db42251d675da83286b1cce702) (ScriptedImporter) -> (artifact id: '37adc9bfb3ac6384372ec0db019c8077') in 0.0396852 seconds
Number of updated asset objects reloaded before import = 0Number of asset objects unloaded after import = 182

========================================================================
Received Import Request.
  Time since last request: 0.000032 seconds.
  path: Assets/RACE AI/Shaders/MapIllumination.shader
  artifactKey: Guid(263a86e1a43a4f51819601ea45be1003) Importer(2089858483,192608db42251d675da83286b1cce702)
Start importing Assets/RACE AI/Shaders/MapIllumination.shader using Guid(263a86e1a43a4f51819601ea45be1003) Importer(2089858483,192608db42251d675da83286b1cce702) (ScriptedImporter) -> (artifact id: '5863f8622da15adc238c796849294b96') in 0.0105892 seconds
Number of updated asset objects reloaded before import = 0Number of asset objects unloaded after import = 1

========================================================================
Received Import Request.
  Time since last request: 0.000089 seconds.
  path: Assets/RACE AI/Textures/_Textures/Environment/all2.png
  artifactKey: Guid(94e4cbf99e03345b9a496f036d6386da) Importer(2089858483,192608db42251d675da83286b1cce702)
Start importing Assets/RACE AI/Textures/_Textures/Environment/all2.png using Guid(94e4cbf99e03345b9a496f036d6386da) Importer(2089858483,192608db42251d675da83286b1cce702) (ScriptedImporter) -> (artifact id: 'ec1bba0a422268620b55934b05990ab2') in 0.0280266 seconds
Number of updated asset objects reloaded before import = 0Number of asset objects unloaded after import = 1

========================================================================
Received Import Request.
  Time since last request: 0.000064 seconds.
  path: Assets/Settings/URP-HighFidelity-Renderer.asset
  artifactKey: Guid(c40be3174f62c4acf8c1216858c64956) Importer(2089858483,192608db42251d675da83286b1cce702)
Start importing Assets/Settings/URP-HighFidelity-Renderer.asset using Guid(c40be3174f62c4acf8c1216858c64956) Importer(2089858483,192608db42251d675da83286b1cce702) (ScriptedImporter) -> (artifact id: '7bfba2a907d55227b563a9c11b8d3467') in 0.059446 seconds
Number of updated asset objects reloaded before import = 0Number of asset objects unloaded after import = 55

========================================================================
Received Import Request.
  Time since last request: 0.000023 seconds.
  path: Assets/RACE AI/_Prefabs/UnUsed/beach.fbm/sandC.jpg
  artifactKey: Guid(4fd75af0a5e6c4604a9225552d77dec0) Importer(2089858483,192608db42251d675da83286b1cce702)
Start importing Assets/RACE AI/_Prefabs/UnUsed/beach.fbm/sandC.jpg using Guid(4fd75af0a5e6c4604a9225552d77dec0) Importer(2089858483,192608db42251d675da83286b1cce702) (ScriptedImporter) -> (artifact id: '4d64e78d1fdb95c233d8247253629a1f') in 0.0202056 seconds
Number of updated asset objects reloaded before import = 0Number of asset objects unloaded after import = 1

========================================================================
Received Import Request.
  Time since last request: 0.000086 seconds.
  path: Assets/Settings/URP-HighFidelity.asset
  artifactKey: Guid(7b7fd9122c28c4d15b667c7040e3b3fd) Importer(815301076,1909f56bfc062723c751e8b465ee728b)
Start importing Assets/Settings/URP-HighFidelity.asset using Guid(7b7fd9122c28c4d15b667c7040e3b3fd) Importer(815301076,1909f56bfc062723c751e8b465ee728b) (PreviewImporter) -> (artifact id: '656e23ccadff3c65d0515fc8b03e7532') in 0.0539517 seconds
Number of updated asset objects reloaded before import = 0Number of asset objects unloaded after import = 58

========================================================================
Received Import Request.
  Time since last request: 0.000024 seconds.
  path: Assets/RACE AI/_Model/Props/Road_to_race.FBX
  artifactKey: Guid(f1aeafe93ca496e4099ea2ac04d264f8) Importer(2089858483,192608db42251d675da83286b1cce702)
Start importing Assets/RACE AI/_Model/Props/Road_to_race.FBX using Guid(f1aeafe93ca496e4099ea2ac04d264f8) Importer(2089858483,192608db42251d675da83286b1cce702) (ScriptedImporter) -> (artifact id: 'd1bef059188cdfbfe3d4487c27ee55f4') in 0.0842573 seconds
Number of updated asset objects reloaded before import = 0Number of asset objects unloaded after import = 10

========================================================================
Received Import Request.
  Time since last request: 0.000025 seconds.
  path: Assets/RACE AI/_Materials/Other Materials/barrier3.mat
  artifactKey: Guid(e45ffb8cfb2580c40bc2dd48b6c0c765) Importer(2089858483,192608db42251d675da83286b1cce702)
Start importing Assets/RACE AI/_Materials/Other Materials/barrier3.mat using Guid(e45ffb8cfb2580c40bc2dd48b6c0c765) Importer(2089858483,192608db42251d675da83286b1cce702) (ScriptedImporter) -> (artifact id: '8baf7533b44e3778654dcbe20bbb1f3a') in 0.0122337 seconds
Number of updated asset objects reloaded before import = 0Number of asset objects unloaded after import = 3

========================================================================
Received Import Request.
  Time since last request: 0.000027 seconds.
  path: Assets/RACE AI/_Materials/Ground/Grass01_main.mat
  artifactKey: Guid(4c756efdf80a2074c92691e65018f26b) Importer(2089858483,192608db42251d675da83286b1cce702)
Start importing Assets/RACE AI/_Materials/Ground/Grass01_main.mat using Guid(4c756efdf80a2074c92691e65018f26b) Importer(2089858483,192608db42251d675da83286b1cce702) (ScriptedImporter) -> (artifact id: 'c6881373e779fa8d7b10dd5b1f4ec36a') in 0.0162538 seconds
Number of updated asset objects reloaded before import = 0Number of asset objects unloaded after import = 3

========================================================================
Received Import Request.
  Time since last request: 0.000113 seconds.
  path: Assets/RACE AI/_Materials/Materials12/rw_bnd3C.mat
  artifactKey: Guid(bfd38712290d15f48a26081cc9e72930) Importer(2089858483,192608db42251d675da83286b1cce702)
Start importing Assets/RACE AI/_Materials/Materials12/rw_bnd3C.mat using Guid(bfd38712290d15f48a26081cc9e72930) Importer(2089858483,192608db42251d675da83286b1cce702) (ScriptedImporter) -> (artifact id: '10980bf2c187aa54c62f6eae72c99f5e') in 0.0119308 seconds
Number of updated asset objects reloaded before import = 0Number of asset objects unloaded after import = 2

========================================================================
Received Import Request.
  Time since last request: 0.000034 seconds.
  path: Assets/RACE AI/Textures/_Textures/Roads/Road_albedo.png
  artifactKey: Guid(5f24049a78c76274c9da5249e8d4432b) Importer(2089858483,192608db42251d675da83286b1cce702)
Start importing Assets/RACE AI/Textures/_Textures/Roads/Road_albedo.png using Guid(5f24049a78c76274c9da5249e8d4432b) Importer(2089858483,192608db42251d675da83286b1cce702) (ScriptedImporter) -> (artifact id: 'd31d84b74045a9d708d21ec0bab160f1') in 0.0376834 seconds
Number of updated asset objects reloaded before import = 0Number of asset objects unloaded after import = 1

========================================================================
Received Import Request.
  Time since last request: 0.000108 seconds.
  path: Assets/RACE AI/Textures/_Textures/Constructions/tunnel21.png
  artifactKey: Guid(377e61c4204a0442b8d918d3c6d6ca3d) Importer(2089858483,192608db42251d675da83286b1cce702)
Start importing Assets/RACE AI/Textures/_Textures/Constructions/tunnel21.png using Guid(377e61c4204a0442b8d918d3c6d6ca3d) Importer(2089858483,192608db42251d675da83286b1cce702) (ScriptedImporter) -> (artifact id: '4efcc643927b616b51fe44482cf6a618') in 0.0370138 seconds
Number of updated asset objects reloaded before import = 0Number of asset objects unloaded after import = 1

========================================================================
Received Import Request.
  Time since last request: 0.000028 seconds.
  path: Assets/RACE AI/_Materials/Materials12/metalplatespainted-8.mat
  artifactKey: Guid(132b10679cc728a438c693d947bf63ba) Importer(2089858483,192608db42251d675da83286b1cce702)
Start importing Assets/RACE AI/_Materials/Materials12/metalplatespainted-8.mat using Guid(132b10679cc728a438c693d947bf63ba) Importer(2089858483,192608db42251d675da83286b1cce702) (ScriptedImporter) -> (artifact id: 'ca2c85d706c5b092ef0f360c4bd052ce') in 0.0214337 seconds
Number of updated asset objects reloaded before import = 0Number of asset objects unloaded after import = 2

========================================================================
Received Import Request.
  Time since last request: 0.000025 seconds.
  path: Assets/RACE AI/_Model/Roads/Materials/banners.mat
  artifactKey: Guid(078297e0e0fde4b19a37b4743eec1d59) Importer(2089858483,192608db42251d675da83286b1cce702)
Start importing Assets/RACE AI/_Model/Roads/Materials/banners.mat using Guid(078297e0e0fde4b19a37b4743eec1d59) Importer(2089858483,192608db42251d675da83286b1cce702) (ScriptedImporter) -> (artifact id: '88217f97a742c834c0d1d98b3e7639d7') in 0.0167419 seconds
Number of updated asset objects reloaded before import = 0Number of asset objects unloaded after import = 2

========================================================================
Received Import Request.
  Time since last request: 0.000022 seconds.
  path: Assets/Scripts/CarFabric.cs
  artifactKey: Guid(a37252398f8f1fb4a85db87554307068) Importer(2089858483,192608db42251d675da83286b1cce702)
Start importing Assets/Scripts/CarFabric.cs using Guid(a37252398f8f1fb4a85db87554307068) Importer(2089858483,192608db42251d675da83286b1cce702) (ScriptedImporter) -> (artifact id: 'bcdb6c4c35e507545cd5441219250e61') in 0.0133695 seconds
Number of updated asset objects reloaded before import = 0Number of asset objects unloaded after import = 0

========================================================================
Received Import Request.
  Time since last request: 0.000109 seconds.
  path: Assets/RACE AI/_Model/Roads/Materials/barrier.mat
  artifactKey: Guid(cf228b87bd66747eabbf395ab2a81025) Importer(2089858483,192608db42251d675da83286b1cce702)
Start importing Assets/RACE AI/_Model/Roads/Materials/barrier.mat using Guid(cf228b87bd66747eabbf395ab2a81025) Importer(2089858483,192608db42251d675da83286b1cce702) (ScriptedImporter) -> (artifact id: '86b7c91083892c81761a9ad649280586') in 0.0137224 seconds
Number of updated asset objects reloaded before import = 0Number of asset objects unloaded after import = 2

========================================================================
Received Import Request.
  Time since last request: 0.000026 seconds.
  path: Assets/Settings/URP-Performant.asset
  artifactKey: Guid(d0e2fc18fe036412f8223b3b3d9ad574) Importer(815301076,1909f56bfc062723c751e8b465ee728b)
Start importing Assets/Settings/URP-Performant.asset using Guid(d0e2fc18fe036412f8223b3b3d9ad574) Importer(815301076,1909f56bfc062723c751e8b465ee728b) (PreviewImporter) -> (artifact id: '632e79753eb23ee7e3f3b772fc1f5b45') in 0.0256499 seconds
Number of updated asset objects reloaded before import = 0Number of asset objects unloaded after import = 50

========================================================================
Received Import Request.
  Time since last request: 0.000043 seconds.
  path: Assets/RACE AI/_Model/Roads/Materials/signs.mat
  artifactKey: Guid(a5de21ef209174a218cb48fcaf31eeb5) Importer(2089858483,192608db42251d675da83286b1cce702)
Start importing Assets/RACE AI/_Model/Roads/Materials/signs.mat using Guid(a5de21ef209174a218cb48fcaf31eeb5) Importer(2089858483,192608db42251d675da83286b1cce702) (ScriptedImporter) -> (artifact id: 'ff6dd1c47b7b6dbe30d3c90cbbaa49c5') in 0.0146511 seconds
Number of updated asset objects reloaded before import = 0Number of asset objects unloaded after import = 2

========================================================================
Received Import Request.
  Time since last request: 0.000025 seconds.
  path: Assets/RACE AI/_Materials/MatDriftRaceTrack/Asphalt_Drift_08.mat
  artifactKey: Guid(5e6c9c2aa208042aaa0a56b67a1c6699) Importer(2089858483,192608db42251d675da83286b1cce702)
Start importing Assets/RACE AI/_Materials/MatDriftRaceTrack/Asphalt_Drift_08.mat using Guid(5e6c9c2aa208042aaa0a56b67a1c6699) Importer(2089858483,192608db42251d675da83286b1cce702) (ScriptedImporter) -> (artifact id: '36d78e644317be690bb30f46cac87371') in 0.0343624 seconds
Number of updated asset objects reloaded before import = 0Number of asset objects unloaded after import = 5

========================================================================
Received Import Request.
  Time since last request: 0.000029 seconds.
  path: Assets/RACE AI/_Materials/Ground/sand.mat
  artifactKey: Guid(b767f99c09356ee44ae488f9047e9e54) Importer(2089858483,192608db42251d675da83286b1cce702)
Start importing Assets/RACE AI/_Materials/Ground/sand.mat using Guid(b767f99c09356ee44ae488f9047e9e54) Importer(2089858483,192608db42251d675da83286b1cce702) (ScriptedImporter) -> (artifact id: '175a49229a7e0db86817003e8de6b9d4') in 0.0186574 seconds
Number of updated asset objects reloaded before import = 0Number of asset objects unloaded after import = 3

========================================================================
Received Import Request.
  Time since last request: 0.000026 seconds.
  path: Assets/RACE AI/Textures/_Textures/Other/banners.png
  artifactKey: Guid(a7667ae601dd14444a8fdc611c25f8d1) Importer(2089858483,192608db42251d675da83286b1cce702)
Start importing Assets/RACE AI/Textures/_Textures/Other/banners.png using Guid(a7667ae601dd14444a8fdc611c25f8d1) Importer(2089858483,192608db42251d675da83286b1cce702) (ScriptedImporter) -> (artifact id: 'c532f92da3ff532fe5e8a7a0c13c7ed0') in 0.0229406 seconds
Number of updated asset objects reloaded before import = 0Number of asset objects unloaded after import = 1

========================================================================
Received Import Request.
  Time since last request: 0.000091 seconds.
  path: Assets/RACE AI/_Materials/MatDriftRaceTrack/Building_05.mat
  artifactKey: Guid(214f37ef53f214811bc869b56c0cf1f1) Importer(2089858483,192608db42251d675da83286b1cce702)
Start importing Assets/RACE AI/_Materials/MatDriftRaceTrack/Building_05.mat using Guid(214f37ef53f214811bc869b56c0cf1f1) Importer(2089858483,192608db42251d675da83286b1cce702) (ScriptedImporter) -> (artifact id: '47398fab06806473afa9766e158de10f') in 0.0109333 seconds
Number of updated asset objects reloaded before import = 0Number of asset objects unloaded after import = 3

========================================================================
Received Import Request.
  Time since last request: 0.000018 seconds.
  path: Assets/RACE AI/Textures/_Textures/Constructions/track2.fbm/rw_bnd3C.png
  artifactKey: Guid(b1c6e804f979efb47913c56f967596f9) Importer(2089858483,192608db42251d675da83286b1cce702)
Start importing Assets/RACE AI/Textures/_Textures/Constructions/track2.fbm/rw_bnd3C.png using Guid(b1c6e804f979efb47913c56f967596f9) Importer(2089858483,192608db42251d675da83286b1cce702) (ScriptedImporter) -> (artifact id: '6e8f40d298c963aced5f78dfa0026494') in 0.0249497 seconds
Number of updated asset objects reloaded before import = 0Number of asset objects unloaded after import = 1

========================================================================
Received Import Request.
  Time since last request: 0.000041 seconds.
  path: Assets/RACE AI/_Materials/Materials12/road_a2.mat
  artifactKey: Guid(aa4cd6efdb4934a81954828f66b97c31) Importer(2089858483,192608db42251d675da83286b1cce702)
Start importing Assets/RACE AI/_Materials/Materials12/road_a2.mat using Guid(aa4cd6efdb4934a81954828f66b97c31) Importer(2089858483,192608db42251d675da83286b1cce702) (ScriptedImporter) -> (artifact id: '4ff9605609fe507afd24af08b6742493') in 0.0148321 seconds
Number of updated asset objects reloaded before import = 0Number of asset objects unloaded after import = 3

========================================================================
Received Import Request.
  Time since last request: 0.000023 seconds.
  path: Assets/RACE AI/Textures/_Textures/Constructions/rw_bnd3C.png
  artifactKey: Guid(c1506bdaf653e4bc9b40c968529300a7) Importer(2089858483,192608db42251d675da83286b1cce702)
Start importing Assets/RACE AI/Textures/_Textures/Constructions/rw_bnd3C.png using Guid(c1506bdaf653e4bc9b40c968529300a7) Importer(2089858483,192608db42251d675da83286b1cce702) (ScriptedImporter) -> (artifact id: '1def382429339445ee183b5b6d95aaf4') in 0.0158679 seconds
Number of updated asset objects reloaded before import = 0Number of asset objects unloaded after import = 1

========================================================================
Received Import Request.
  Time since last request: 0.000089 seconds.
  path: Assets/Settings/URP-Balanced.asset
  artifactKey: Guid(e1260c1148f6143b28bae5ace5e9c5d1) Importer(2089858483,192608db42251d675da83286b1cce702)
Start importing Assets/Settings/URP-Balanced.asset using Guid(e1260c1148f6143b28bae5ace5e9c5d1) Importer(2089858483,192608db42251d675da83286b1cce702) (ScriptedImporter) -> (artifact id: '36755474285c11486acb3dbcf3dda71c') in 0.0951153 seconds
Number of updated asset objects reloaded before import = 0Number of asset objects unloaded after import = 51

========================================================================
Received Import Request.
  Time since last request: 0.000036 seconds.
  path: Assets/RACE AI/Shaders/AlphaCutout_with_shadow.shader
  artifactKey: Guid(a713b57fbd1de44789a80c362abb7327) Importer(2089858483,192608db42251d675da83286b1cce702)
Start importing Assets/RACE AI/Shaders/AlphaCutout_with_shadow.shader using Guid(a713b57fbd1de44789a80c362abb7327) Importer(2089858483,192608db42251d675da83286b1cce702) (ScriptedImporter) -> (artifact id: '4c7e704270e8e068632d5e8f11d2b26d') in 0.008599 seconds
Number of updated asset objects reloaded before import = 0Number of asset objects unloaded after import = 1

========================================================================
Received Import Request.
  Time since last request: 0.000100 seconds.
  path: Assets/RACE AI/_Materials/Road Signs/signs.mat
  artifactKey: Guid(1325805699065cc4092b95abf47c2c40) Importer(2089858483,192608db42251d675da83286b1cce702)
Start importing Assets/RACE AI/_Materials/Road Signs/signs.mat using Guid(1325805699065cc4092b95abf47c2c40) Importer(2089858483,192608db42251d675da83286b1cce702) (ScriptedImporter) -> (artifact id: 'd08647a4deacea17c33192c238f72700') in 0.0120061 seconds
Number of updated asset objects reloaded before import = 0Number of asset objects unloaded after import = 2

========================================================================
Received Import Request.
  Time since last request: 0.000019 seconds.
  path: Assets/RACE AI/_Model/Environment/Driftmeshes/Barrier_road_for_Toha.FBX
  artifactKey: Guid(0b9fa9e02d8184330b58b12764cfdd0a) Importer(2089858483,192608db42251d675da83286b1cce702)
Start importing Assets/RACE AI/_Model/Environment/Driftmeshes/Barrier_road_for_Toha.FBX using Guid(0b9fa9e02d8184330b58b12764cfdd0a) Importer(2089858483,192608db42251d675da83286b1cce702) (ScriptedImporter) -> (artifact id: '58e2a10708f1aaed37007c08746d2500') in 0.022386 seconds
Number of updated asset objects reloaded before import = 0Number of asset objects unloaded after import = 7

========================================================================
Received Import Request.
  Time since last request: 0.000041 seconds.
  path: Assets/RACE AI/_Materials/Tunnel/tunnel07.mat
  artifactKey: Guid(517a75f90b3af4b3fa648c556b0f7895) Importer(2089858483,192608db42251d675da83286b1cce702)
Start importing Assets/RACE AI/_Materials/Tunnel/tunnel07.mat using Guid(517a75f90b3af4b3fa648c556b0f7895) Importer(2089858483,192608db42251d675da83286b1cce702) (ScriptedImporter) -> (artifact id: 'e9e82656c2995ef7e75fe53c400440ad') in 0.0154689 seconds
Number of updated asset objects reloaded before import = 0Number of asset objects unloaded after import = 3

========================================================================
Received Import Request.
  Time since last request: 0.000026 seconds.
  path: Assets/RACE AI/_Materials/Offroad.physicMaterial
  artifactKey: Guid(3a41f8cd60a34a34797a696eb065f4a8) Importer(2089858483,192608db42251d675da83286b1cce702)
Start importing Assets/RACE AI/_Materials/Offroad.physicMaterial using Guid(3a41f8cd60a34a34797a696eb065f4a8) Importer(2089858483,192608db42251d675da83286b1cce702) (ScriptedImporter) -> (artifact id: '99e00e8b541f723a9930a8deb5a15794') in 0.0087928 seconds
Number of updated asset objects reloaded before import = 0Number of asset objects unloaded after import = 1

========================================================================
Received Import Request.
  Time since last request: 0.000083 seconds.
  path: Assets/RACE AI/_Model/Platform/Hangar.fbm/Road_albedo.png
  artifactKey: Guid(3569fab2a754d4c99947f285b1f97634) Importer(2089858483,192608db42251d675da83286b1cce702)
Start importing Assets/RACE AI/_Model/Platform/Hangar.fbm/Road_albedo.png using Guid(3569fab2a754d4c99947f285b1f97634) Importer(2089858483,192608db42251d675da83286b1cce702) (ScriptedImporter) -> (artifact id: '4e676d6be465445a3e2b9c8eda421c93') in 0.0233953 seconds
Number of updated asset objects reloaded before import = 0Number of asset objects unloaded after import = 1

========================================================================
Received Import Request.
  Time since last request: 0.000499 seconds.
  path: Assets/Settings/SampleSceneProfile.asset
  artifactKey: Guid(a6560a915ef98420e9faacc1c7438823) Importer(2089858483,192608db42251d675da83286b1cce702)
Start importing Assets/Settings/SampleSceneProfile.asset using Guid(a6560a915ef98420e9faacc1c7438823) Importer(2089858483,192608db42251d675da83286b1cce702) (ScriptedImporter) -> (artifact id: 'e6cdf83580957437e609f41b48c42cd1') in 0.0194251 seconds
Number of updated asset objects reloaded before import = 0Number of asset objects unloaded after import = 4

========================================================================
Received Import Request.
  Time since last request: 0.000074 seconds.
  path: Assets/RACE AI/Textures/_Textures/Constructions/Village Textures/Terrain/Grass_Albedo.tif
  artifactKey: Guid(e81bd88777c51f54ab348cbafe13c4e5) Importer(2089858483,192608db42251d675da83286b1cce702)
Start importing Assets/RACE AI/Textures/_Textures/Constructions/Village Textures/Terrain/Grass_Albedo.tif using Guid(e81bd88777c51f54ab348cbafe13c4e5) Importer(2089858483,192608db42251d675da83286b1cce702) (ScriptedImporter) -> (artifact id: '419663000a39fcff04f675f8a8cceef0') in 0.0258951 seconds
Number of updated asset objects reloaded before import = 0Number of asset objects unloaded after import = 1

========================================================================
Received Import Request.
  Time since last request: 0.000047 seconds.
  path: Assets/Scripts/PathGeneratorWindow.cs
  artifactKey: Guid(62d0b86036074eaeb6ae9b33b86f88bd) Importer(2089858483,192608db42251d675da83286b1cce702)
Start importing Assets/Scripts/PathGeneratorWindow.cs using Guid(62d0b86036074eaeb6ae9b33b86f88bd) Importer(2089858483,192608db42251d675da83286b1cce702) (ScriptedImporter) -> (artifact id: 'a04e81f3582514f1e160b292f8fec4be') in 0.0129399 seconds
Number of updated asset objects reloaded before import = 0Number of asset objects unloaded after import = 0

========================================================================
Received Import Request.
  Time since last request: 0.000111 seconds.
  path: Assets/RACE AI/_Materials/Ground/Grass_Albedo.mat
  artifactKey: Guid(549f0b42f68139843b84bf6c8d70f0b4) Importer(2089858483,192608db42251d675da83286b1cce702)
Start importing Assets/RACE AI/_Materials/Ground/Grass_Albedo.mat using Guid(549f0b42f68139843b84bf6c8d70f0b4) Importer(2089858483,192608db42251d675da83286b1cce702) (ScriptedImporter) -> (artifact id: '7b106b4b1d8b05ea6ff4c16bb474e9b7') in 0.0158082 seconds
Number of updated asset objects reloaded before import = 0Number of asset objects unloaded after import = 3

========================================================================
Received Import Request.
  Time since last request: 0.000022 seconds.
  path: Assets/RACE AI/_Materials/Other Materials/Barier4.mat
  artifactKey: Guid(8576fb73b6ae9fd409b638f8a642e2be) Importer(2089858483,192608db42251d675da83286b1cce702)
Start importing Assets/RACE AI/_Materials/Other Materials/Barier4.mat using Guid(8576fb73b6ae9fd409b638f8a642e2be) Importer(2089858483,192608db42251d675da83286b1cce702) (ScriptedImporter) -> (artifact id: '6042f2b8308beb8fc39ae31137b40fd1') in 0.0147737 seconds
Number of updated asset objects reloaded before import = 0Number of asset objects unloaded after import = 3

========================================================================
Received Import Request.
  Time since last request: 0.000020 seconds.
  path: Assets/RACE AI/_Materials/Materials12/Road_albedo.mat
  artifactKey: Guid(68c7def03409e464e8d549ed1d45e717) Importer(2089858483,192608db42251d675da83286b1cce702)
Start importing Assets/RACE AI/_Materials/Materials12/Road_albedo.mat using Guid(68c7def03409e464e8d549ed1d45e717) Importer(2089858483,192608db42251d675da83286b1cce702) (ScriptedImporter) -> (artifact id: '15538d7bfb438c670859a0117422454f') in 0.0136639 seconds
Number of updated asset objects reloaded before import = 0Number of asset objects unloaded after import = 3

========================================================================
Received Import Request.
  Time since last request: 0.000026 seconds.
  path: Assets/RACE AI/_Materials/Road Materials/roadtrack01.mat
  artifactKey: Guid(0c1ec39ea749d9d4496e174023762fb8) Importer(2089858483,192608db42251d675da83286b1cce702)
Start importing Assets/RACE AI/_Materials/Road Materials/roadtrack01.mat using Guid(0c1ec39ea749d9d4496e174023762fb8) Importer(2089858483,192608db42251d675da83286b1cce702) (ScriptedImporter) -> (artifact id: '2cf60abed58b104ad77e6524091928f2') in 0.0162494 seconds
Number of updated asset objects reloaded before import = 0Number of asset objects unloaded after import = 4

========================================================================
Received Import Request.
  Time since last request: 0.000030 seconds.
  path: Assets/RACE AI/Textures/_Textures/Roads/Road_albedo05.png
  artifactKey: Guid(11d1210b8a5af426aa5f4c5cb8d12346) Importer(2089858483,192608db42251d675da83286b1cce702)
Start importing Assets/RACE AI/Textures/_Textures/Roads/Road_albedo05.png using Guid(11d1210b8a5af426aa5f4c5cb8d12346) Importer(2089858483,192608db42251d675da83286b1cce702) (ScriptedImporter) -> (artifact id: '216f39059be468646cc4e4a66eb2ad16') in 0.0223351 seconds
Number of updated asset objects reloaded before import = 0Number of asset objects unloaded after import = 1

========================================================================
Received Import Request.
  Time since last request: 0.000077 seconds.
  path: Assets/RACE AI/Race Track_Backup.unity
  artifactKey: Guid(d160a575f01abdf4ca407a90c5887249) Importer(2089858483,192608db42251d675da83286b1cce702)
Start importing Assets/RACE AI/Race Track_Backup.unity using Guid(d160a575f01abdf4ca407a90c5887249) Importer(2089858483,192608db42251d675da83286b1cce702) (ScriptedImporter) -> (artifact id: '3029e9e3e722ce22976a4a73d1d7b36f') in 0.010762 seconds
Number of updated asset objects reloaded before import = 0Number of asset objects unloaded after import = 1

========================================================================
Received Import Request.
  Time since last request: 0.000051 seconds.
  path: Assets/RACE AI/Shaders/LightsEmmissive.shader
  artifactKey: Guid(6e54e022b28baba4aa6c0ee69d398457) Importer(2089858483,192608db42251d675da83286b1cce702)
Start importing Assets/RACE AI/Shaders/LightsEmmissive.shader using Guid(6e54e022b28baba4aa6c0ee69d398457) Importer(2089858483,192608db42251d675da83286b1cce702) (ScriptedImporter) -> (artifact id: 'e5a920f4033bbe77947fb009ce635654') in 0.0111535 seconds
Number of updated asset objects reloaded before import = 0Number of asset objects unloaded after import = 1

========================================================================
Received Import Request.
  Time since last request: 0.000045 seconds.
  path: Assets/RACE AI/Textures/_Textures/Constructions/Tribune/RT General Transparent.png
  artifactKey: Guid(f76a057c953e99a4fa3792d3efb8f8e4) Importer(2089858483,192608db42251d675da83286b1cce702)
Start importing Assets/RACE AI/Textures/_Textures/Constructions/Tribune/RT General Transparent.png using Guid(f76a057c953e99a4fa3792d3efb8f8e4) Importer(2089858483,192608db42251d675da83286b1cce702) (ScriptedImporter) -> (artifact id: '56e162a4e13157035f8c4079c7cf0838') in 0.0238091 seconds
Number of updated asset objects reloaded before import = 0Number of asset objects unloaded after import = 1

========================================================================
Received Import Request.
  Time since last request: 0.000073 seconds.
  path: Assets/RACE AI/_Materials/Materials12/banners.mat
  artifactKey: Guid(65ae7cb13aedf4e8f9e9634acb4d5a98) Importer(2089858483,192608db42251d675da83286b1cce702)
Start importing Assets/RACE AI/_Materials/Materials12/banners.mat using Guid(65ae7cb13aedf4e8f9e9634acb4d5a98) Importer(2089858483,192608db42251d675da83286b1cce702) (ScriptedImporter) -> (artifact id: '61b203a32ae187bdfa465f7d8ade885b') in 0.0148421 seconds
Number of updated asset objects reloaded before import = 0Number of asset objects unloaded after import = 3

========================================================================
Received Import Request.
  Time since last request: 0.000060 seconds.
  path: Assets/Settings/URP-HighFidelity.asset
  artifactKey: Guid(7b7fd9122c28c4d15b667c7040e3b3fd) Importer(2089858483,192608db42251d675da83286b1cce702)
Start importing Assets/Settings/URP-HighFidelity.asset using Guid(7b7fd9122c28c4d15b667c7040e3b3fd) Importer(2089858483,192608db42251d675da83286b1cce702) (ScriptedImporter) -> (artifact id: '1a77723268dec869e4b6a874423730cf') in 0.0550186 seconds
Number of updated asset objects reloaded before import = 0Number of asset objects unloaded after import = 58

========================================================================
Received Import Request.
  Time since last request: 0.000028 seconds.
  path: Assets/RACE AI/_Model/Roads/Materials/e18-004-ground-grass.mat
  artifactKey: Guid(ce3d27659b39746a986b8b150e284378) Importer(2089858483,192608db42251d675da83286b1cce702)
Start importing Assets/RACE AI/_Model/Roads/Materials/e18-004-ground-grass.mat using Guid(ce3d27659b39746a986b8b150e284378) Importer(2089858483,192608db42251d675da83286b1cce702) (ScriptedImporter) -> (artifact id: '6d3001b2ff04955be9a36550bd76198e') in 0.0139701 seconds
Number of updated asset objects reloaded before import = 0Number of asset objects unloaded after import = 2

========================================================================
Received Import Request.
  Time since last request: 0.000025 seconds.
  path: Assets/RACE AI/Race Track.unity
  artifactKey: Guid(4b0731bec173a9949a3aaa4c51471834) Importer(2089858483,192608db42251d675da83286b1cce702)
Start importing Assets/RACE AI/Race Track.unity using Guid(4b0731bec173a9949a3aaa4c51471834) Importer(2089858483,192608db42251d675da83286b1cce702) (ScriptedImporter) -> (artifact id: '47109ac231d6f8b6a2eef3a30c7a095d') in 0.0107701 seconds
Number of updated asset objects reloaded before import = 0Number of asset objects unloaded after import = 1

========================================================================
Received Import Request.
  Time since last request: 0.000101 seconds.
  path: Assets/Settings/URP-Performant.asset
  artifactKey: Guid(d0e2fc18fe036412f8223b3b3d9ad574) Importer(2089858483,192608db42251d675da83286b1cce702)
Start importing Assets/Settings/URP-Performant.asset using Guid(d0e2fc18fe036412f8223b3b3d9ad574) Importer(2089858483,192608db42251d675da83286b1cce702) (ScriptedImporter) -> (artifact id: 'c20689c516e94d37ff94753f84b8f9fe') in 0.0578369 seconds
Number of updated asset objects reloaded before import = 0Number of asset objects unloaded after import = 50

========================================================================
Received Import Request.
  Time since last request: 0.000024 seconds.
  path: Assets/RACE AI/Textures/_Textures/Constructions/track2.fbm/metalplatespainted-8.png
  artifactKey: Guid(67293fa22b77cc04cbad01c11bd2f05f) Importer(2089858483,192608db42251d675da83286b1cce702)
Start importing Assets/RACE AI/Textures/_Textures/Constructions/track2.fbm/metalplatespainted-8.png using Guid(67293fa22b77cc04cbad01c11bd2f05f) Importer(2089858483,192608db42251d675da83286b1cce702) (ScriptedImporter) -> (artifact id: '586e14377961835248a1940ef31e8f3a') in 0.0204721 seconds
Number of updated asset objects reloaded before import = 0Number of asset objects unloaded after import = 1

========================================================================
Received Import Request.
  Time since last request: 0.000088 seconds.
  path: Assets/RACE AI/_Model/Roads/Materials/all.mat
  artifactKey: Guid(46559d157d7a744f7a9d805416509a95) Importer(2089858483,192608db42251d675da83286b1cce702)
Start importing Assets/RACE AI/_Model/Roads/Materials/all.mat using Guid(46559d157d7a744f7a9d805416509a95) Importer(2089858483,192608db42251d675da83286b1cce702) (ScriptedImporter) -> (artifact id: '60d94a3255a9755559f622e39fa73a0b') in 0.0102921 seconds
Number of updated asset objects reloaded before import = 0Number of asset objects unloaded after import = 1

========================================================================
Received Import Request.
  Time since last request: 0.000031 seconds.
  path: Assets/RACE AI/Textures/_Textures/Constructions/track2.fbm/e18-004-ground-grass.jpg
  artifactKey: Guid(91844ade421ff644ea9ecc6576414d3a) Importer(2089858483,192608db42251d675da83286b1cce702)
Start importing Assets/RACE AI/Textures/_Textures/Constructions/track2.fbm/e18-004-ground-grass.jpg using Guid(91844ade421ff644ea9ecc6576414d3a) Importer(2089858483,192608db42251d675da83286b1cce702) (ScriptedImporter) -> (artifact id: 'e0b1216070a8a055ed7c4b1466b52301') in 0.0246833 seconds
Number of updated asset objects reloaded before import = 0Number of asset objects unloaded after import = 1

========================================================================
Received Prepare
Refreshing native plugins compatible for Editor in 1.56 ms, found 0 plugins.
Preloading 0 native plugins for Editor in 0.00 ms.
Unloading 88 Unused Serialized files (Serialized files now loaded: 0)
Unloading 34 unused Assets / (2.9 MB). Loaded Objects now: 4539.
Memory consumption went from 133.8 MB to 130.9 MB.
Total: 7.356200 ms (FindLiveObjects: 0.259000 ms CreateObjectMapping: 0.252600 ms MarkObjects: 6.043200 ms  DeleteObjects: 0.799600 ms)

Prepare: number of updated asset objects reloaded= 0
========================================================================
Received Prepare
Refreshing native plugins compatible for Editor in 0.37 ms, found 0 plugins.
Preloading 0 native plugins for Editor in 0.00 ms.
Unloading 31 Unused Serialized files (Serialized files now loaded: 0)
Unloading 31 unused Assets / (2.9 MB). Loaded Objects now: 4539.
Memory consumption went from 128.9 MB to 126.0 MB.
Total: 5.619200 ms (FindLiveObjects: 0.226400 ms CreateObjectMapping: 0.118100 ms MarkObjects: 4.680300 ms  DeleteObjects: 0.593500 ms)

Prepare: number of updated asset objects reloaded= 0
========================================================================
Received Prepare
Refreshing native plugins compatible for Editor in 0.40 ms, found 0 plugins.
Preloading 0 native plugins for Editor in 0.00 ms.
Unloading 31 Unused Serialized files (Serialized files now loaded: 0)
Unloading 31 unused Assets / (2.9 MB). Loaded Objects now: 4539.
Memory consumption went from 128.9 MB to 126.0 MB.
Total: 7.048100 ms (FindLiveObjects: 0.238200 ms CreateObjectMapping: 0.109400 ms MarkObjects: 5.643400 ms  DeleteObjects: 1.055700 ms)

Prepare: number of updated asset objects reloaded= 0
========================================================================
Received Prepare
Refreshing native plugins compatible for Editor in 0.41 ms, found 0 plugins.
Preloading 0 native plugins for Editor in 0.00 ms.
Unloading 31 Unused Serialized files (Serialized files now loaded: 0)
Unloading 31 unused Assets / (2.9 MB). Loaded Objects now: 4539.
Memory consumption went from 128.9 MB to 126.0 MB.
Total: 9.606300 ms (FindLiveObjects: 0.247700 ms CreateObjectMapping: 0.112200 ms MarkObjects: 8.514000 ms  DeleteObjects: 0.731100 ms)

Prepare: number of updated asset objects reloaded= 0
